<?xml version="1.0" encoding="UTF-8"?>
<!-- Generated by org.testng.reporters.JUnitReportReporter -->
<testsuite hostname="Goutams-MacBook-Air.local" failures="0" tests="4" name="caseStudySelenium.caseStudySelenium.assignment2" time="84.028" errors="0" timestamp="2020-04-16T02:43:05 IST" skipped="0">
  <testcase classname="caseStudySelenium.caseStudySelenium.assignment2" name="registerInAll3Links" time="32.339"/>
  <system-out/>
  <testcase classname="caseStudySelenium.caseStudySelenium.assignment2" name="InValidLoginAll3Links" time="22.509"/>
  <system-out/>
  <testcase classname="caseStudySelenium.caseStudySelenium.assignment2" name="LoginAll3Links" time="17.793"/>
  <system-out/>
  <testcase classname="caseStudySelenium.caseStudySelenium.assignment2" name="readFromExcel" time="11.387"/>
  <system-out/>
</testsuite> <!-- caseStudySelenium.caseStudySelenium.assignment2 -->
