<?xml version="1.0" encoding="UTF-8"?>
<!-- Generated by org.testng.reporters.JUnitReportReporter -->
<testsuite hostname="Goutams-MacBook-Air.local" failures="0" tests="6" name="caseStudySelenium.caseStudySelenium.assignment1" time="25.357" errors="0" timestamp="2020-04-16T02:43:05 IST" skipped="0">
  <testcase classname="caseStudySelenium.caseStudySelenium.assignment1" name="clickOnEachItem" time="6.375"/>
  <system-out/>
  <testcase classname="caseStudySelenium.caseStudySelenium.assignment1" name="fillTheForm" time="6.673"/>
  <system-out/>
  <testcase classname="caseStudySelenium.caseStudySelenium.assignment1" name="dragAndDropTarget" time="1.613"/>
  <system-out/>
  <testcase classname="caseStudySelenium.caseStudySelenium.assignment1" name="selectDateOfBirthInACalendar" time="6.380"/>
  <system-out/>
  <testcase classname="caseStudySelenium.caseStudySelenium.assignment1" name="selectAllTheMenuOptionsOneByOne" time="1.797"/>
  <system-out/>
  <testcase classname="caseStudySelenium.caseStudySelenium.assignment1" name="selectRentalCarHorizontalBlock" time="2.519"/>
  <system-out/>
</testsuite> <!-- caseStudySelenium.caseStudySelenium.assignment1 -->
