<?xml version="1.0" encoding="UTF-8"?>
<!-- Generated by org.testng.reporters.JUnitReportReporter -->
<testsuite hostname="Goutams-MacBook-Air.local" failures="0" tests="1" name="caseStudySelenium.caseStudySelenium.assignment3" time="17.671" errors="0" timestamp="2020-04-16T02:43:05 IST" skipped="0">
  <testcase classname="caseStudySelenium.caseStudySelenium.assignment3" name="makeMyTrip" time="17.671"/>
  <system-out/>
</testsuite> <!-- caseStudySelenium.caseStudySelenium.assignment3 -->
